2022-08-3116:44:36 INFO  CreateOrder:43 -**************TEST CASE STARTS**************************
2022-08-3116:44:36 INFO  CreateOrder:147 -Exception Message from Testnull
2022-08-3116:44:36 INFO  CreateOrder:152 -Completed Execution of Testcom.testcases.CreateOrder
2022-08-3116:45:51 INFO  CreateOrder:43 -**************TEST CASE STARTS**************************
2022-08-3116:48:39 INFO  CreateOrder:152 -Completed Execution of Testcom.testcases.CreateOrder
2022-08-31 17:52:13 INFO  CreateOrder:45 -**************TEST CASE STARTS**************************
2022-08-31 17:54:31 INFO  CreateOrder:153 -Completed Execution of TestClasscom.testcases.CreateOrder
2022-08-31 17:54:31 INFO  CreateOrder:154 -Completed Execution of Testcase : Method createOrder
2022-08-31 17:54:31 INFO  CreateOrder:155 -Completed Execution of TestClass 2class java.lang.reflect.Method
2022-08-31 17:59:35 INFO  CreateOrder:45 -**************TEST CASE STARTS**************************
2022-08-31 18:02:10 INFO  CreateOrder:153 -Completed Execution of TestClasscom.testcases.CreateOrder
2022-08-31 18:02:10 INFO  CreateOrder:154 -Completed Execution of Testcase : Method createOrder
2022-08-31 18:02:10 INFO  CreateOrder:155 -Completed Execution of TestClass 2class java.lang.reflect.Method
2022-08-31 18:02:10 INFO  CreateOrder:160 -Testcase StartingTime[{createOrder=08/31/2022 05:59:35}]
2022-08-31 18:02:10 INFO  CreateOrder:161 -Testcase EndingTime[{createOrder=08/31/2022 06:02:10}]
2022-08-31 18:15:15 INFO  CreateOrder:45 -**************TEST CASE STARTS**************************
2022-08-31 18:18:06 INFO  CreateOrder:163 -Completed Execution of Test Class : com.testcases.CreateOrder
2022-08-31 18:18:06 INFO  CreateOrder:164 -Completed Execution of Test case : Method : createOrder
2022-08-31 18:18:06 INFO  CreateOrder:168 -Test case Starting Time : [{createOrder=08/31/2022 06:15:15}]
2022-08-31 18:18:06 INFO  CreateOrder:169 -Test case Ending Time : [{createOrder=08/31/2022 06:18:06}]
2022-08-31 18:20:22 INFO  CreateOrder:45 -**************TEST CASE STARTS**************************
2022-08-31 18:24:18 INFO  CreateOrder:163 -Completed Execution of Test Class : com.testcases.CreateOrder
2022-08-31 18:24:18 INFO  CreateOrder:164 -Completed Execution of Test case : Method : createOrder
2022-08-31 18:24:18 INFO  CreateOrder:168 -Test case Starting Time : [{createOrder=08/31/2022 06:20:22}]
2022-08-31 18:24:18 INFO  CreateOrder:169 -Test case Ending Time : [{createOrder=08/31/2022 06:24:18}]
2022-09-20 11:42:33 INFO  CreateOrder:45 -**************TEST CASE STARTS**************************
2022-09-20 11:42:37 ERROR CreateOrder:158 -Exception Message from TestCould not start a new session. Response code 500. Message: session not created: This version of ChromeDriver only supports Chrome version 103
Current browser version is 105.0.5195.127 with binary path C:\Program Files\Google\Chrome\Application\chrome.exe
Build info: version: '4.1.4', revision: '535d840ee2'
System info: host: 'SAHANA', ip: '192.168.1.154', os.name: 'Windows 11', os.arch: 'amd64', os.version: '10.0', java.version: '18.0.1'
Driver info: org.openqa.selenium.chrome.ChromeDriver
Command: [null, newSession {capabilities=[Capabilities {browserName: chrome, goog:chromeOptions: {args: [start-maximized], extensions: []}}], desiredCapabilities=Capabilities {browserName: chrome, goog:chromeOptions: {args: [start-maximized], extensions: []}}}]
2022-09-20 11:42:37 INFO  CreateOrder:163 -Completed Execution of Test Class : com.testcases.CreateOrder
2022-09-20 11:42:37 INFO  CreateOrder:164 -Completed Execution of Test case : Method : createOrder
2022-09-20 11:42:37 INFO  CreateOrder:168 -Test case Starting Time : [{createOrder=09/20/2022 11:42:33}]
2022-09-20 11:42:37 INFO  CreateOrder:169 -Test case Ending Time : [{createOrder=09/20/2022 11:42:37}]
2022-09-20 11:43:03 INFO  CreateOrder:45 -**************TEST CASE STARTS**************************
2022-09-20 11:43:05 ERROR CreateOrder:158 -Exception Message from TestCould not start a new session. Response code 500. Message: session not created: This version of ChromeDriver only supports Chrome version 103
Current browser version is 105.0.5195.127 with binary path C:\Program Files\Google\Chrome\Application\chrome.exe
Build info: version: '4.1.4', revision: '535d840ee2'
System info: host: 'SAHANA', ip: '192.168.1.154', os.name: 'Windows 11', os.arch: 'amd64', os.version: '10.0', java.version: '18.0.1'
Driver info: org.openqa.selenium.chrome.ChromeDriver
Command: [null, newSession {capabilities=[Capabilities {browserName: chrome, goog:chromeOptions: {args: [start-maximized], extensions: []}}], desiredCapabilities=Capabilities {browserName: chrome, goog:chromeOptions: {args: [start-maximized], extensions: []}}}]
2022-09-20 11:43:05 INFO  CreateOrder:163 -Completed Execution of Test Class : com.testcases.CreateOrder
2022-09-20 11:43:05 INFO  CreateOrder:164 -Completed Execution of Test case : Method : createOrder
2022-09-20 11:43:05 INFO  CreateOrder:168 -Test case Starting Time : [{createOrder=09/20/2022 11:43:03}]
2022-09-20 11:43:05 INFO  CreateOrder:169 -Test case Ending Time : [{createOrder=09/20/2022 11:43:05}]
2022-09-20 11:46:30 INFO  CreateOrder:45 -**************TEST CASE STARTS**************************
2022-09-20 11:49:17 INFO  CreateOrder:163 -Completed Execution of Test Class : com.testcases.CreateOrder
2022-09-20 11:49:17 INFO  CreateOrder:164 -Completed Execution of Test case : Method : createOrder
2022-09-20 11:49:17 INFO  CreateOrder:168 -Test case Starting Time : [{createOrder=09/20/2022 11:46:30}]
2022-09-20 11:49:17 INFO  CreateOrder:169 -Test case Ending Time : [{createOrder=09/20/2022 11:49:17}]
2022-10-02 23:34:14 INFO  CreateOrder:45 -**************TEST CASE STARTS**************************
2022-10-03 10:10:46 INFO  CreateOrder:45 -**************TEST CASE STARTS**************************
2022-10-03 10:13:18 INFO  CreateOrder:163 -Completed Execution of Test Class : com.testcases.CreateOrder
2022-10-03 10:13:18 INFO  CreateOrder:164 -Completed Execution of Test case : Method : createOrder
2022-10-03 10:13:18 INFO  CreateOrder:168 -Test case Starting Time : [{createOrder=10/03/2022 10:10:46}]
2022-10-03 10:13:18 INFO  CreateOrder:169 -Test case Ending Time : [{createOrder=10/03/2022 10:13:18}]
2022-10-10 22:56:07 INFO  CreateOrder:45 -**************TEST CASE STARTS**************************
2022-10-10 22:58:39 INFO  CreateOrder:163 -Completed Execution of Test Class : com.testcases.CreateOrder
2022-10-10 22:58:39 INFO  CreateOrder:164 -Completed Execution of Test case : Method : createOrder
2022-10-10 22:58:39 INFO  CreateOrder:168 -Test case Starting Time : [{createOrder=10/10/2022 10:56:07}]
2022-10-10 22:58:39 INFO  CreateOrder:169 -Test case Ending Time : [{createOrder=10/10/2022 10:58:39}]
2022-10-10 23:08:14 INFO  CreateOrder:45 -**************TEST CASE STARTS**************************
2022-10-10 23:08:51 ERROR CreateOrder:158 -Exception Message from Teststale element reference: element is not attached to the page document
  (Session info: chrome=106.0.5249.103)
For documentation on this error, please visit: https://selenium.dev/exceptions/#stale_element_reference
Build info: version: '4.1.4', revision: '535d840ee2'
System info: host: 'Pragadeeswarans-MacBook-Air.local', ip: 'fe80:0:0:0:837:6bab:176b:9c4c%en0', os.name: 'Mac OS X', os.arch: 'aarch64', os.version: '12.6', java.version: '17.0.4.1'
Driver info: org.openqa.selenium.chrome.ChromeDriver
Command: [832b7aa5615327792db8b0d7c72643be, executeScript {script=arguments[0].setAttribute('style','background:yellow;border:2px solid red;');, args=[{ELEMENT=f0e6552c-d1c2-4f01-8529-4ce640ff1c70, element-6066-11e4-a52e-4f735466cecf=f0e6552c-d1c2-4f01-8529-4ce640ff1c70}]}]
Capabilities {acceptInsecureCerts: false, browserName: chrome, browserVersion: 106.0.5249.103, chrome: {chromedriverVersion: 106.0.5249.61 (511755355844..., userDataDir: /var/folders/j8/71rq0p8n0z9...}, goog:chromeOptions: {debuggerAddress: localhost:50926}, javascriptEnabled: true, networkConnectionEnabled: false, pageLoadStrategy: normal, platform: MAC, platformName: MAC, proxy: Proxy(), se:cdp: ws://localhost:50926/devtoo..., se:cdpVersion: 106.0.5249.103, setWindowRect: true, strictFileInteractability: false, timeouts: {implicit: 0, pageLoad: 300000, script: 30000}, unhandledPromptBehavior: dismiss and notify, webauthn:extension:credBlob: true, webauthn:extension:largeBlob: true, webauthn:virtualAuthenticators: true}
Session ID: 832b7aa5615327792db8b0d7c72643be
2022-10-10 23:08:51 INFO  CreateOrder:163 -Completed Execution of Test Class : com.testcases.CreateOrder
2022-10-10 23:08:51 INFO  CreateOrder:164 -Completed Execution of Test case : Method : createOrder
2022-10-10 23:08:51 INFO  CreateOrder:168 -Test case Starting Time : [{createOrder=10/10/2022 11:08:14}]
2022-10-10 23:08:51 INFO  CreateOrder:169 -Test case Ending Time : [{createOrder=10/10/2022 11:08:51}]
2022-10-10 23:10:43 INFO  CreateOrder:45 -**************TEST CASE STARTS**************************
2022-10-10 23:13:02 INFO  CreateOrder:163 -Completed Execution of Test Class : com.testcases.CreateOrder
2022-10-10 23:13:02 INFO  CreateOrder:164 -Completed Execution of Test case : Method : createOrder
2022-10-10 23:13:02 INFO  CreateOrder:168 -Test case Starting Time : [{createOrder=10/10/2022 11:10:43}]
2022-10-10 23:13:02 INFO  CreateOrder:169 -Test case Ending Time : [{createOrder=10/10/2022 11:13:02}]
2022-10-18 22:46:27 INFO  CreateOrder:45 -**************TEST CASE STARTS**************************
2022-10-18 22:47:03 INFO  CreateOrder:45 -**************TEST CASE STARTS**************************
2022-10-18 22:47:15 INFO  API:51 -completed execution quitting
2022-10-18 22:47:35 ERROR CreateOrder:158 -Exception Message from Test
There was an issue with the WebElement to be located by the locator:
xpath~//a[contains(text(),'Sign in')]
Clue:Either WebElemnt does not exist in App or locator information in OR.Java is incorrect. See below for more information
Expected condition failed: waiting for visibility of element located by By.xpath: //a[contains(text(),'Sign in')] (tried for 20 second(s) with 500 milliseconds interval)
2022-10-18 22:47:35 INFO  CreateOrder:163 -Completed Execution of Test Class : com.testcases.CreateOrder
2022-10-18 22:47:35 INFO  CreateOrder:164 -Completed Execution of Test case : Method : createOrder
2022-10-18 22:47:35 INFO  CreateOrder:168 -Test case Starting Time : [{createOrder=10/18/2022 10:47:03}]
2022-10-18 22:47:35 INFO  CreateOrder:169 -Test case Ending Time : [{createOrder=10/18/2022 10:47:35}]
2022-10-18 22:47:36 INFO  API:51 -completed execution quitting
2022-10-18 22:50:20 INFO  API:51 -completed execution quitting
2022-10-18 22:54:44 INFO  API:51 -completed execution quitting
2022-10-18 22:55:31 INFO  API:51 -completed execution quitting
2022-10-18 22:56:28 INFO  API:51 -
completed execution quitting
2022-10-18 22:57:31 INFO  API:51 -
completed execution quitting
2022-10-18 22:58:35 INFO  API:51 -
Completed GET execution quitting
2022-10-18 23:08:03 INFO  API:51 -
Completed GET execution quitting
2022-10-20 12:54:25 INFO  API:51 -
Completed GET execution quitting
2022-10-20 17:16:45 INFO  API:51 -
Completed GET execution quitting
2022-10-20 17:17:31 INFO  CreateOrder:45 -**************TEST CASE STARTS**************************
2022-10-20 17:19:08 INFO  CreateOrder:45 -**************TEST CASE STARTS**************************
2022-10-20 17:20:03 ERROR CreateOrder:158 -Exception Message from Test
There was an issue with the WebElement to be located by the locator:
id~email
Clue:Either WebElemnt does not exist in App or locator information in OR.Java is incorrect. See below for more information
Expected condition failed: waiting for visibility of element located by By.id: email (tried for 20 second(s) with 500 milliseconds interval)
Build info: version: '4.1.4', revision: '535d840ee2'
System info: host: 'Pragadeeswarans-MacBook-Air.local', ip: 'fe80:0:0:0:819:879c:475b:d0b1%en0', os.name: 'Mac OS X', os.arch: 'aarch64', os.version: '12.6', java.version: '17.0.4.1'
Driver info: org.openqa.selenium.chrome.ChromeDriver
Capabilities {acceptInsecureCerts: false, browserName: chrome, browserVersion: 106.0.5249.119, chrome: {chromedriverVersion: 106.0.5249.61 (511755355844..., userDataDir: /var/folders/j8/71rq0p8n0z9...}, goog:chromeOptions: {debuggerAddress: localhost:50115}, javascriptEnabled: true, networkConnectionEnabled: false, pageLoadStrategy: normal, platform: MAC, platformName: MAC, proxy: Proxy(), se:cdp: ws://localhost:50115/devtoo..., se:cdpVersion: 106.0.5249.119, setWindowRect: true, strictFileInteractability: false, timeouts: {implicit: 0, pageLoad: 300000, script: 30000}, unhandledPromptBehavior: dismiss and notify, webauthn:extension:credBlob: true, webauthn:extension:largeBlob: true, webauthn:virtualAuthenticators: true}
Session ID: 850cac748f35aa1a81be698204e0cdfb
2022-10-20 17:20:03 INFO  CreateOrder:163 -Completed Execution of Test Class : com.testcases.CreateOrder
2022-10-20 17:20:03 INFO  CreateOrder:164 -Completed Execution of Test case : Method : createOrder
2022-10-20 17:20:03 INFO  CreateOrder:168 -Test case Starting Time : [{createOrder=10/20/2022 05:19:08}]
2022-10-20 17:20:03 INFO  CreateOrder:169 -Test case Ending Time : [{createOrder=10/20/2022 05:20:03}]
2022-10-20 17:20:45 INFO  CreateOrder:45 -**************TEST CASE STARTS**************************
2022-10-20 17:24:01 INFO  CreateOrder:163 -Completed Execution of Test Class : com.testcases.CreateOrder
2022-10-20 17:24:01 INFO  CreateOrder:164 -Completed Execution of Test case : Method : createOrder
2022-10-20 17:24:01 INFO  CreateOrder:168 -Test case Starting Time : [{createOrder=10/20/2022 05:20:45}]
2022-10-20 17:24:01 INFO  CreateOrder:169 -Test case Ending Time : [{createOrder=10/20/2022 05:24:01}]
2022-10-20 18:13:56 INFO  API:51 -
Completed GET execution quitting
2022-10-21 23:06:37 INFO  API:51 -
Completed GET execution quitting
2022-10-21 23:14:33 INFO  API:77 -Exception message from testCannot invoke "Object.toString()" because "type" is null
2022-10-21 23:14:33 INFO  API:82 -
Completed GET execution quitting
2022-10-21 23:25:59 INFO  API:78 -Exception message from testCannot invoke "Object.toString()" because "type" is null
2022-10-21 23:25:59 INFO  API:83 -
Completed GET execution quitting
2022-10-21 23:40:33 INFO  API:79 -Exception message from testCannot invoke "Object.toString()" because "type" is null
2022-10-21 23:40:33 INFO  API:84 -
Completed GET execution quitting
2022-10-22 08:44:31 INFO  API:79 -Exception message from testCannot invoke "Object.toString()" because "type" is null
2022-10-22 08:44:31 INFO  API:84 -
Completed GET execution quitting
2022-10-23 09:26:18 INFO  CreateOrder:45 -**************TEST CASE STARTS**************************
2022-10-23 13:58:01 INFO  CreateOrder:39 -**************TEST CASE STARTS**************************
2022-10-23 13:58:15 INFO  CreateOrder:64 -Completed Execution of Test Class : com.testcases.MobileCreateOrder
2022-10-23 13:58:15 INFO  CreateOrder:65 -Completed Execution of Test case : Method : createOrder
2022-10-23 13:58:15 INFO  CreateOrder:69 -Test case Starting Time : [{createOrder=10/23/2022 01:58:01}]
2022-10-23 13:58:15 INFO  CreateOrder:70 -Test case Ending Time : [{createOrder=10/23/2022 01:58:15}]
2022-10-23 13:59:30 INFO  CreateOrder:39 -**************TEST CASE STARTS**************************
2022-10-23 13:59:45 INFO  CreateOrder:64 -Completed Execution of Test Class : com.testcases.MobileCreateOrder
2022-10-23 13:59:45 INFO  CreateOrder:65 -Completed Execution of Test case : Method : createOrder
2022-10-23 13:59:45 INFO  CreateOrder:69 -Test case Starting Time : [{createOrder=10/23/2022 01:59:30}]
2022-10-23 13:59:45 INFO  CreateOrder:70 -Test case Ending Time : [{createOrder=10/23/2022 01:59:45}]
2022-10-23 14:02:14 INFO  CreateOrder:39 -**************TEST CASE STARTS**************************
2022-10-23 14:03:23 INFO  CreateOrder:39 -**************TEST CASE STARTS**************************
2022-10-23 14:04:01 INFO  CreateOrder:39 -**************TEST CASE STARTS**************************
2022-10-23 14:04:01 ERROR CreateOrder:59 -Exception Message from TestThe path to the driver executable The path to the driver executable must be set by the webdriver.chrome.driver system property; for more information, see https://github.com/SeleniumHQ/selenium/wiki/ChromeDriver. The latest version can be downloaded from https://chromedriver.storage.googleapis.com/index.html
2022-10-23 14:04:01 INFO  CreateOrder:64 -Completed Execution of Test Class : com.testcases.MobileCreateOrder
2022-10-23 14:04:01 INFO  CreateOrder:65 -Completed Execution of Test case : Method : createOrder
2022-10-23 14:04:01 INFO  CreateOrder:69 -Test case Starting Time : [{createOrder=10/23/2022 02:04:01}]
2022-10-23 14:04:01 INFO  CreateOrder:70 -Test case Ending Time : [{createOrder=10/23/2022 02:04:01}]
2022-10-23 14:14:18 INFO  CreateOrder:40 -**************TEST CASE STARTS**************************
2022-10-23 14:14:28 INFO  CreateOrder:65 -Completed Execution of Test Class : com.testcases.MobileCreateOrder
2022-10-23 14:14:28 INFO  CreateOrder:66 -Completed Execution of Test case : Method : createOrder
2022-10-23 14:14:28 INFO  CreateOrder:70 -Test case Starting Time : [{createOrder=10/23/2022 02:14:18}]
2022-10-23 14:14:28 INFO  CreateOrder:71 -Test case Ending Time : [{createOrder=10/23/2022 02:14:28}]
2022-10-23 14:17:36 INFO  CreateOrder:40 -**************TEST CASE STARTS**************************
2022-10-23 14:17:40 ERROR CreateOrder:60 -Exception Message from TestNodeJS is either not installed or its executable not present in PATH
2022-10-23 14:17:40 INFO  CreateOrder:65 -Completed Execution of Test Class : com.testcases.MobileCreateOrder
2022-10-23 14:17:40 INFO  CreateOrder:66 -Completed Execution of Test case : Method : createOrder
2022-10-23 14:17:40 INFO  CreateOrder:70 -Test case Starting Time : [{createOrder=10/23/2022 02:17:36}]
2022-10-23 14:17:40 INFO  CreateOrder:71 -Test case Ending Time : [{createOrder=10/23/2022 02:17:40}]
2022-10-23 14:19:31 INFO  CreateOrder:40 -**************TEST CASE STARTS**************************
2022-10-23 14:19:31 ERROR CreateOrder:60 -Exception Message from TestNodeJS is either not installed or its executable not present in PATH
2022-10-23 14:19:31 INFO  CreateOrder:65 -Completed Execution of Test Class : com.testcases.MobileCreateOrder
2022-10-23 14:19:31 INFO  CreateOrder:66 -Completed Execution of Test case : Method : createOrder
2022-10-23 14:19:31 INFO  CreateOrder:70 -Test case Starting Time : [{createOrder=10/23/2022 02:19:31}]
2022-10-23 14:19:31 INFO  CreateOrder:71 -Test case Ending Time : [{createOrder=10/23/2022 02:19:31}]
2022-10-23 14:21:55 INFO  CreateOrder:40 -**************TEST CASE STARTS**************************
2022-10-23 14:21:55 ERROR CreateOrder:60 -Exception Message from TestNodeJS is either not installed or its executable not present in PATH
2022-10-23 14:21:55 INFO  CreateOrder:65 -Completed Execution of Test Class : com.testcases.MobileCreateOrder
2022-10-23 14:21:55 INFO  CreateOrder:66 -Completed Execution of Test case : Method : createOrder
2022-10-23 14:21:55 INFO  CreateOrder:70 -Test case Starting Time : [{createOrder=10/23/2022 02:21:55}]
2022-10-23 14:21:55 INFO  CreateOrder:71 -Test case Ending Time : [{createOrder=10/23/2022 02:21:55}]
2022-10-23 14:22:53 INFO  CreateOrder:40 -**************TEST CASE STARTS**************************
2022-10-23 14:22:56 ERROR CreateOrder:60 -Exception Message from TestNodeJS is either not installed or its executable not present in PATH
2022-10-23 14:22:56 INFO  CreateOrder:65 -Completed Execution of Test Class : com.testcases.MobileCreateOrder
2022-10-23 14:22:56 INFO  CreateOrder:66 -Completed Execution of Test case : Method : createOrder
2022-10-23 14:22:56 INFO  CreateOrder:70 -Test case Starting Time : [{createOrder=10/23/2022 02:22:53}]
2022-10-23 14:22:56 INFO  CreateOrder:71 -Test case Ending Time : [{createOrder=10/23/2022 02:22:56}]
2022-10-23 14:27:17 INFO  CreateOrder:40 -**************TEST CASE STARTS**************************
2022-10-23 14:27:30 INFO  CreateOrder:65 -Completed Execution of Test Class : com.testcases.MobileCreateOrder
2022-10-23 14:27:30 INFO  CreateOrder:66 -Completed Execution of Test case : Method : createOrder
2022-10-23 14:27:30 INFO  CreateOrder:70 -Test case Starting Time : [{createOrder=10/23/2022 02:27:17}]
2022-10-23 14:27:30 INFO  CreateOrder:71 -Test case Ending Time : [{createOrder=10/23/2022 02:27:30}]
2022-10-23 14:29:11 INFO  CreateOrder:40 -**************TEST CASE STARTS**************************
2022-10-23 14:29:25 INFO  CreateOrder:65 -Completed Execution of Test Class : com.testcases.MobileCreateOrder
2022-10-23 14:29:25 INFO  CreateOrder:66 -Completed Execution of Test case : Method : createOrder
2022-10-23 14:29:25 INFO  CreateOrder:70 -Test case Starting Time : [{createOrder=10/23/2022 02:29:11}]
2022-10-23 14:29:25 INFO  CreateOrder:71 -Test case Ending Time : [{createOrder=10/23/2022 02:29:25}]
2022-10-23 14:34:10 INFO  CreateOrder:40 -**************TEST CASE STARTS**************************
2022-10-23 14:34:14 ERROR CreateOrder:60 -Exception Message from TestThe requested resource could not be found, or a request was received using an HTTP method that is not supported by the mapped resource
Build info: version: '4.1.4', revision: '535d840ee2'
System info: host: 'Pragadeeswarans-MacBook-Air.local', ip: 'fe80:0:0:0:1ca7:8d38:591b:1578%en0', os.name: 'Mac OS X', os.arch: 'aarch64', os.version: '12.6', java.version: '17.0.4.1'
Driver info: io.appium.java_client.android.AndroidDriver
Command: [e52d6348-e4ff-48c3-95f6-4044c08be370, maximizeCurrentWindow {}]
Capabilities {appium:databaseEnabled: false, appium:desired: {capabilityname:browsername: value:CHROME, capabilityname:chromedriverExecutable: value:/Users/praga/eclipse-..., capabilityname:deviceName: value:Pixel, capabilityname:platformName: value:Android, capabilityname:platformVersion: value:11, capabilityname:udid: value:emulator-5554, platformName: android}, appium:deviceApiLevel: 30, appium:deviceManufacturer: Google, appium:deviceModel: sdk_gphone_arm64, appium:deviceName: emulator-5554, appium:deviceScreenDensity: 440, appium:deviceScreenSize: 1080x2280, appium:deviceUDID: emulator-5554, appium:javascriptEnabled: true, appium:locationContextEnabled: false, appium:networkConnectionEnabled: true, appium:pixelRatio: 2.75, appium:platformVersion: 11, appium:statBarHeight: 66, appium:takesScreenshot: true, appium:viewportRect: {height: 2082, left: 0, top: 66, width: 1080}, appium:warnings: {}, appium:webStorageEnabled: false, capabilityname:browsername: value:CHROME, capabilityname:chromedriverExecutable: value:/Users/praga/eclipse-..., capabilityname:deviceName: value:Pixel, capabilityname:platformName: value:Android, capabilityname:platformVersion: value:11, capabilityname:udid: value:emulator-5554, platformName: android}
Session ID: e52d6348-e4ff-48c3-95f6-4044c08be370
2022-10-23 14:34:14 INFO  CreateOrder:65 -Completed Execution of Test Class : com.testcases.MobileCreateOrder
2022-10-23 14:34:14 INFO  CreateOrder:66 -Completed Execution of Test case : Method : createOrder
2022-10-23 14:34:14 INFO  CreateOrder:70 -Test case Starting Time : [{createOrder=10/23/2022 02:34:10}]
2022-10-23 14:34:14 INFO  CreateOrder:71 -Test case Ending Time : [{createOrder=10/23/2022 02:34:14}]
2022-10-23 14:35:17 INFO  CreateOrder:40 -**************TEST CASE STARTS**************************
2022-10-23 14:35:21 ERROR CreateOrder:60 -Exception Message from TestCould not start a new session. Response code 500. Message: An unknown server-side error occurred while processing the command. Original error: No Chromedriver found that can automate Chrome '106.0.5249'. You could also try to enable automated chromedrivers download server feature. See https://github.com/appium/appium/blob/master/docs/en/writing-running-appium/web/chromedriver.md for more details
Build info: version: '4.1.4', revision: '535d840ee2'
System info: host: 'Pragadeeswarans-MacBook-Air.local', ip: 'fe80:0:0:0:1ca7:8d38:591b:1578%en0', os.name: 'Mac OS X', os.arch: 'aarch64', os.version: '12.6', java.version: '17.0.4.1'
Driver info: io.appium.java_client.android.AndroidDriver
Command: [null, newSession {capabilities=[{browserName=CHROME, capabilityname:chromedriverExecutable=value:/Users/praga/eclipse-workspace/sample/src/test/resources/chromedriver, capabilityname:deviceName=value:Pixel, capabilityname:platformName=value:Android, capabilityname:platformVersion=value:11, capabilityname:udid=value:emulator-5554, platformName=ANDROID}], desiredCapabilities=Capabilities {browserName: CHROME, capabilityname:chromedriverExecutable: value:/Users/praga/eclipse-..., capabilityname:deviceName: value:Pixel, capabilityname:platformName: value:Android, capabilityname:platformVersion: value:11, capabilityname:udid: value:emulator-5554, platformName: ANDROID}}]
Capabilities {}
2022-10-23 14:35:21 INFO  CreateOrder:65 -Completed Execution of Test Class : com.testcases.MobileCreateOrder
2022-10-23 14:35:21 INFO  CreateOrder:66 -Completed Execution of Test case : Method : createOrder
2022-10-23 14:35:21 INFO  CreateOrder:70 -Test case Starting Time : [{createOrder=10/23/2022 02:35:17}]
2022-10-23 14:35:21 INFO  CreateOrder:71 -Test case Ending Time : [{createOrder=10/23/2022 02:35:21}]
2022-10-23 14:35:47 INFO  CreateOrder:40 -**************TEST CASE STARTS**************************
2022-10-23 14:36:00 INFO  CreateOrder:65 -Completed Execution of Test Class : com.testcases.MobileCreateOrder
2022-10-23 14:36:00 INFO  CreateOrder:66 -Completed Execution of Test case : Method : createOrder
2022-10-23 14:36:00 INFO  CreateOrder:70 -Test case Starting Time : [{createOrder=10/23/2022 02:35:47}]
2022-10-23 14:36:00 INFO  CreateOrder:71 -Test case Ending Time : [{createOrder=10/23/2022 02:36:00}]
2022-10-23 14:36:26 INFO  CreateOrder:40 -**************TEST CASE STARTS**************************
2022-10-23 14:36:31 ERROR CreateOrder:60 -Exception Message from TestThe requested resource could not be found, or a request was received using an HTTP method that is not supported by the mapped resource
Build info: version: '4.1.4', revision: '535d840ee2'
System info: host: 'Pragadeeswarans-MacBook-Air.local', ip: 'fe80:0:0:0:1ca7:8d38:591b:1578%en0', os.name: 'Mac OS X', os.arch: 'aarch64', os.version: '12.6', java.version: '17.0.4.1'
Driver info: io.appium.java_client.android.AndroidDriver
Command: [ff4e4a32-3d6d-413d-bbac-92ad9aefef79, maximizeCurrentWindow {}]
Capabilities {appium:browsername: CHROME, appium:chromedriverExecutable: /Users/praga/eclipse-worksp..., appium:databaseEnabled: false, appium:desired: {browsername: CHROME, chromedriverExecutable: /Users/praga/eclipse-worksp..., deviceName: Pixel, platformName: android, platformVersion: 11, udid: emulator-5554}, appium:deviceApiLevel: 30, appium:deviceManufacturer: Google, appium:deviceModel: sdk_gphone_arm64, appium:deviceName: emulator-5554, appium:deviceScreenDensity: 440, appium:deviceScreenSize: 1080x2280, appium:deviceUDID: emulator-5554, appium:javascriptEnabled: true, appium:locationContextEnabled: false, appium:networkConnectionEnabled: true, appium:pixelRatio: 2.75, appium:platformVersion: 11, appium:statBarHeight: 66, appium:takesScreenshot: true, appium:udid: emulator-5554, appium:viewportRect: {height: 2082, left: 0, top: 66, width: 1080}, appium:warnings: {}, appium:webStorageEnabled: false, platformName: android}
Session ID: ff4e4a32-3d6d-413d-bbac-92ad9aefef79
2022-10-23 14:36:31 INFO  CreateOrder:65 -Completed Execution of Test Class : com.testcases.MobileCreateOrder
2022-10-23 14:36:31 INFO  CreateOrder:66 -Completed Execution of Test case : Method : createOrder
2022-10-23 14:36:31 INFO  CreateOrder:70 -Test case Starting Time : [{createOrder=10/23/2022 02:36:26}]
2022-10-23 14:36:31 INFO  CreateOrder:71 -Test case Ending Time : [{createOrder=10/23/2022 02:36:31}]
2022-10-23 14:36:41 INFO  CreateOrder:40 -**************TEST CASE STARTS**************************
2022-10-23 14:36:45 ERROR CreateOrder:60 -Exception Message from TestThe requested resource could not be found, or a request was received using an HTTP method that is not supported by the mapped resource
Build info: version: '4.1.4', revision: '535d840ee2'
System info: host: 'Pragadeeswarans-MacBook-Air.local', ip: 'fe80:0:0:0:1ca7:8d38:591b:1578%en0', os.name: 'Mac OS X', os.arch: 'aarch64', os.version: '12.6', java.version: '17.0.4.1'
Driver info: io.appium.java_client.android.AndroidDriver
Command: [882b1212-0550-4538-b10d-d9ccbcc3fb5e, maximizeCurrentWindow {}]
Capabilities {appium:browsername: CHROME, appium:chromedriverExecutable: /Users/praga/eclipse-worksp..., appium:databaseEnabled: false, appium:desired: {browsername: CHROME, chromedriverExecutable: /Users/praga/eclipse-worksp..., deviceName: Pixel, platformName: android, platformVersion: 11, udid: emulator-5554}, appium:deviceApiLevel: 30, appium:deviceManufacturer: Google, appium:deviceModel: sdk_gphone_arm64, appium:deviceName: emulator-5554, appium:deviceScreenDensity: 440, appium:deviceScreenSize: 1080x2280, appium:deviceUDID: emulator-5554, appium:javascriptEnabled: true, appium:locationContextEnabled: false, appium:networkConnectionEnabled: true, appium:pixelRatio: 2.75, appium:platformVersion: 11, appium:statBarHeight: 66, appium:takesScreenshot: true, appium:udid: emulator-5554, appium:viewportRect: {height: 2082, left: 0, top: 66, width: 1080}, appium:warnings: {}, appium:webStorageEnabled: false, platformName: android}
Session ID: 882b1212-0550-4538-b10d-d9ccbcc3fb5e
2022-10-23 14:36:45 INFO  CreateOrder:65 -Completed Execution of Test Class : com.testcases.MobileCreateOrder
2022-10-23 14:36:45 INFO  CreateOrder:66 -Completed Execution of Test case : Method : createOrder
2022-10-23 14:36:45 INFO  CreateOrder:70 -Test case Starting Time : [{createOrder=10/23/2022 02:36:41}]
2022-10-23 14:36:45 INFO  CreateOrder:71 -Test case Ending Time : [{createOrder=10/23/2022 02:36:45}]
2022-10-23 14:36:55 INFO  CreateOrder:40 -**************TEST CASE STARTS**************************
2022-10-23 14:37:00 ERROR CreateOrder:60 -Exception Message from TestThe requested resource could not be found, or a request was received using an HTTP method that is not supported by the mapped resource
Build info: version: '4.1.4', revision: '535d840ee2'
System info: host: 'Pragadeeswarans-MacBook-Air.local', ip: 'fe80:0:0:0:1ca7:8d38:591b:1578%en0', os.name: 'Mac OS X', os.arch: 'aarch64', os.version: '12.6', java.version: '17.0.4.1'
Driver info: io.appium.java_client.android.AndroidDriver
Command: [7670d192-cbba-4ef4-b7e5-2d7a49c1de33, maximizeCurrentWindow {}]
Capabilities {appium:browsername: CHROME, appium:chromedriverExecutable: /Users/praga/eclipse-worksp..., appium:databaseEnabled: false, appium:desired: {browsername: CHROME, chromedriverExecutable: /Users/praga/eclipse-worksp..., deviceName: Pixel, platformName: android, platformVersion: 11, udid: emulator-5554}, appium:deviceApiLevel: 30, appium:deviceManufacturer: Google, appium:deviceModel: sdk_gphone_arm64, appium:deviceName: emulator-5554, appium:deviceScreenDensity: 440, appium:deviceScreenSize: 1080x2280, appium:deviceUDID: emulator-5554, appium:javascriptEnabled: true, appium:locationContextEnabled: false, appium:networkConnectionEnabled: true, appium:pixelRatio: 2.75, appium:platformVersion: 11, appium:statBarHeight: 66, appium:takesScreenshot: true, appium:udid: emulator-5554, appium:viewportRect: {height: 2082, left: 0, top: 66, width: 1080}, appium:warnings: {}, appium:webStorageEnabled: false, platformName: android}
Session ID: 7670d192-cbba-4ef4-b7e5-2d7a49c1de33
2022-10-23 14:37:00 INFO  CreateOrder:65 -Completed Execution of Test Class : com.testcases.MobileCreateOrder
2022-10-23 14:37:00 INFO  CreateOrder:66 -Completed Execution of Test case : Method : createOrder
2022-10-23 14:37:00 INFO  CreateOrder:70 -Test case Starting Time : [{createOrder=10/23/2022 02:36:55}]
2022-10-23 14:37:00 INFO  CreateOrder:71 -Test case Ending Time : [{createOrder=10/23/2022 02:37:00}]
2022-10-23 14:37:42 INFO  CreateOrder:40 -**************TEST CASE STARTS**************************
2022-10-23 14:37:57 INFO  CreateOrder:65 -Completed Execution of Test Class : com.testcases.MobileCreateOrder
2022-10-23 14:37:57 INFO  CreateOrder:66 -Completed Execution of Test case : Method : createOrder
2022-10-23 14:37:57 INFO  CreateOrder:70 -Test case Starting Time : [{createOrder=10/23/2022 02:37:42}]
2022-10-23 14:37:57 INFO  CreateOrder:71 -Test case Ending Time : [{createOrder=10/23/2022 02:37:57}]
2022-10-23 14:39:02 INFO  CreateOrder:40 -**************TEST CASE STARTS**************************
2022-10-23 14:39:16 INFO  CreateOrder:65 -Completed Execution of Test Class : com.testcases.MobileCreateOrder
2022-10-23 14:39:16 INFO  CreateOrder:66 -Completed Execution of Test case : Method : createOrder
2022-10-23 14:39:16 INFO  CreateOrder:70 -Test case Starting Time : [{createOrder=10/23/2022 02:39:02}]
2022-10-23 14:39:16 INFO  CreateOrder:71 -Test case Ending Time : [{createOrder=10/23/2022 02:39:16}]
2022-10-23 14:39:44 INFO  CreateOrder:40 -**************TEST CASE STARTS**************************
2022-10-23 14:39:49 ERROR CreateOrder:60 -Exception Message from TestCould not start a new session. Response code 500. Message: An unknown server-side error occurred while processing the command. Original error: No Chromedriver found that can automate Chrome '106.0.5249'. You could also try to enable automated chromedrivers download server feature. See https://github.com/appium/appium/blob/master/docs/en/writing-running-appium/web/chromedriver.md for more details
Build info: version: '4.1.4', revision: '535d840ee2'
System info: host: 'Pragadeeswarans-MacBook-Air.local', ip: 'fe80:0:0:0:1ca7:8d38:591b:1578%en0', os.name: 'Mac OS X', os.arch: 'aarch64', os.version: '12.6', java.version: '17.0.4.1'
Driver info: io.appium.java_client.android.AndroidDriver
Command: [null, newSession {capabilities=[{browserName=CHROME, appium:deviceName=Pixel, platformName=Android, appium:platformVersion=11, appium:udid=emulator-5554}], desiredCapabilities=Capabilities {browserName: CHROME, deviceName: Pixel, platformName: Android, platformVersion: 11, udid: emulator-5554}}]
Capabilities {}
2022-10-23 14:39:49 INFO  CreateOrder:65 -Completed Execution of Test Class : com.testcases.MobileCreateOrder
2022-10-23 14:39:49 INFO  CreateOrder:66 -Completed Execution of Test case : Method : createOrder
2022-10-23 14:39:49 INFO  CreateOrder:70 -Test case Starting Time : [{createOrder=10/23/2022 02:39:44}]
2022-10-23 14:39:49 INFO  CreateOrder:71 -Test case Ending Time : [{createOrder=10/23/2022 02:39:49}]
2022-10-23 14:46:58 INFO  CreateOrder:40 -**************TEST CASE STARTS**************************
2022-10-23 14:47:03 ERROR CreateOrder:60 -Exception Message from TestCould not start a new session. Response code 500. Message: An unknown server-side error occurred while processing the command. Original error: No Chromedriver found that can automate Chrome '106.0.5249'. You could also try to enable automated chromedrivers download server feature. See https://github.com/appium/appium/blob/master/docs/en/writing-running-appium/web/chromedriver.md for more details
Build info: version: '4.1.4', revision: '535d840ee2'
System info: host: 'Pragadeeswarans-MacBook-Air.local', ip: 'fe80:0:0:0:1ca7:8d38:591b:1578%en0', os.name: 'Mac OS X', os.arch: 'aarch64', os.version: '12.6', java.version: '17.0.4.1'
Driver info: io.appium.java_client.android.AndroidDriver
Command: [null, newSession {capabilities=[{browserName=CHROME, appium:deviceName=Pixel, platformName=Android, appium:platformVersion=11, appium:udid=emulator-5554}], desiredCapabilities=Capabilities {browserName: CHROME, deviceName: Pixel, platformName: Android, platformVersion: 11, udid: emulator-5554}}]
Capabilities {}
2022-10-23 14:47:03 INFO  CreateOrder:65 -Completed Execution of Test Class : com.testcases.MobileCreateOrder
2022-10-23 14:47:03 INFO  CreateOrder:66 -Completed Execution of Test case : Method : createOrder
2022-10-23 14:47:03 INFO  CreateOrder:70 -Test case Starting Time : [{createOrder=10/23/2022 02:46:58}]
2022-10-23 14:47:03 INFO  CreateOrder:71 -Test case Ending Time : [{createOrder=10/23/2022 02:47:03}]
2022-10-23 14:47:33 INFO  CreateOrder:40 -**************TEST CASE STARTS**************************
2022-10-23 14:47:36 ERROR CreateOrder:60 -Exception Message from TestCould not start a new session. Response code 500. Message: An unknown server-side error occurred while processing the command. Original error: No Chromedriver found that can automate Chrome '106.0.5249'. You could also try to enable automated chromedrivers download server feature. See https://github.com/appium/appium/blob/master/docs/en/writing-running-appium/web/chromedriver.md for more details
Build info: version: '4.1.4', revision: '535d840ee2'
System info: host: 'Pragadeeswarans-MacBook-Air.local', ip: 'fe80:0:0:0:1ca7:8d38:591b:1578%en0', os.name: 'Mac OS X', os.arch: 'aarch64', os.version: '12.6', java.version: '17.0.4.1'
Driver info: io.appium.java_client.android.AndroidDriver
Command: [null, newSession {capabilities=[{browserName=CHROME, browserVersion=106.0.5249, appium:deviceName=Pixel, platformName=Android, appium:platformVersion=11, appium:udid=emulator-5554}], desiredCapabilities=Capabilities {browserName: CHROME, browserVersion: 106.0.5249, deviceName: Pixel, platformName: Android, platformVersion: 11, udid: emulator-5554}}]
Capabilities {}
2022-10-23 14:47:36 INFO  CreateOrder:65 -Completed Execution of Test Class : com.testcases.MobileCreateOrder
2022-10-23 14:47:36 INFO  CreateOrder:66 -Completed Execution of Test case : Method : createOrder
2022-10-23 14:47:36 INFO  CreateOrder:70 -Test case Starting Time : [{createOrder=10/23/2022 02:47:33}]
2022-10-23 14:47:36 INFO  CreateOrder:71 -Test case Ending Time : [{createOrder=10/23/2022 02:47:36}]
2022-10-23 14:48:04 INFO  CreateOrder:40 -**************TEST CASE STARTS**************************
2022-10-23 14:48:18 INFO  CreateOrder:65 -Completed Execution of Test Class : com.testcases.MobileCreateOrder
2022-10-23 14:48:18 INFO  CreateOrder:66 -Completed Execution of Test case : Method : createOrder
2022-10-23 14:48:18 INFO  CreateOrder:70 -Test case Starting Time : [{createOrder=10/23/2022 02:48:04}]
2022-10-23 14:48:18 INFO  CreateOrder:71 -Test case Ending Time : [{createOrder=10/23/2022 02:48:18}]
2022-10-23 14:49:21 INFO  CreateOrder:40 -**************TEST CASE STARTS**************************
2022-10-23 14:49:35 INFO  CreateOrder:65 -Completed Execution of Test Class : com.testcases.MobileCreateOrder
2022-10-23 14:49:35 INFO  CreateOrder:66 -Completed Execution of Test case : Method : createOrder
2022-10-23 14:49:35 INFO  CreateOrder:70 -Test case Starting Time : [{createOrder=10/23/2022 02:49:21}]
2022-10-23 14:49:35 INFO  CreateOrder:71 -Test case Ending Time : [{createOrder=10/23/2022 02:49:35}]
2022-10-23 14:49:45 INFO  CreateOrder:40 -**************TEST CASE STARTS**************************
2022-10-23 14:49:50 ERROR CreateOrder:60 -Exception Message from TestCould not start a new session. Response code 500. Message: An unknown server-side error occurred while processing the command. Original error: No Chromedriver found that can automate Chrome '106.0.5249'. You could also try to enable automated chromedrivers download server feature. See https://github.com/appium/appium/blob/master/docs/en/writing-running-appium/web/chromedriver.md for more details
Build info: version: '4.1.4', revision: '535d840ee2'
System info: host: 'Pragadeeswarans-MacBook-Air.local', ip: 'fe80:0:0:0:1ca7:8d38:591b:1578%en0', os.name: 'Mac OS X', os.arch: 'aarch64', os.version: '12.6', java.version: '17.0.4.1'
Driver info: io.appium.java_client.android.AndroidDriver
Command: [null, newSession {capabilities=[{browserName=CHROME, appium:deviceName=Pixel, platformName=Android, appium:platformVersion=11, appium:udid=emulator-5554}], desiredCapabilities=Capabilities {browserName: CHROME, deviceName: Pixel, platformName: Android, platformVersion: 11, udid: emulator-5554}}]
Capabilities {}
2022-10-23 14:49:50 INFO  CreateOrder:65 -Completed Execution of Test Class : com.testcases.MobileCreateOrder
2022-10-23 14:49:50 INFO  CreateOrder:66 -Completed Execution of Test case : Method : createOrder
2022-10-23 14:49:50 INFO  CreateOrder:70 -Test case Starting Time : [{createOrder=10/23/2022 02:49:45}]
2022-10-23 14:49:50 INFO  CreateOrder:71 -Test case Ending Time : [{createOrder=10/23/2022 02:49:50}]
2022-10-23 14:49:57 INFO  CreateOrder:40 -**************TEST CASE STARTS**************************
2022-10-23 14:50:00 ERROR CreateOrder:60 -Exception Message from TestCould not start a new session. Response code 500. Message: An unknown server-side error occurred while processing the command. Original error: No Chromedriver found that can automate Chrome '106.0.5249'. You could also try to enable automated chromedrivers download server feature. See https://github.com/appium/appium/blob/master/docs/en/writing-running-appium/web/chromedriver.md for more details
Build info: version: '4.1.4', revision: '535d840ee2'
System info: host: 'Pragadeeswarans-MacBook-Air.local', ip: 'fe80:0:0:0:1ca7:8d38:591b:1578%en0', os.name: 'Mac OS X', os.arch: 'aarch64', os.version: '12.6', java.version: '17.0.4.1'
Driver info: io.appium.java_client.android.AndroidDriver
Command: [null, newSession {capabilities=[{browserName=CHROME, appium:deviceName=Pixel, platformName=Android, appium:platformVersion=11, appium:udid=emulator-5554}], desiredCapabilities=Capabilities {browserName: CHROME, deviceName: Pixel, platformName: Android, platformVersion: 11, udid: emulator-5554}}]
Capabilities {}
2022-10-23 14:50:00 INFO  CreateOrder:65 -Completed Execution of Test Class : com.testcases.MobileCreateOrder
2022-10-23 14:50:00 INFO  CreateOrder:66 -Completed Execution of Test case : Method : createOrder
2022-10-23 14:50:00 INFO  CreateOrder:70 -Test case Starting Time : [{createOrder=10/23/2022 02:49:57}]
2022-10-23 14:50:00 INFO  CreateOrder:71 -Test case Ending Time : [{createOrder=10/23/2022 02:50:00}]
2022-10-23 14:51:13 INFO  CreateOrder:40 -**************TEST CASE STARTS**************************
2022-10-23 14:51:17 ERROR CreateOrder:60 -Exception Message from TestCould not start a new session. Response code 500. Message: An unknown server-side error occurred while processing the command. Original error: Trying to use a chromedriver binary at the path ./src/test/resources/drivers/chromedriver, but it doesn't exist!
Build info: version: '4.1.4', revision: '535d840ee2'
System info: host: 'Pragadeeswarans-MacBook-Air.local', ip: 'fe80:0:0:0:1ca7:8d38:591b:1578%en0', os.name: 'Mac OS X', os.arch: 'aarch64', os.version: '12.6', java.version: '17.0.4.1'
Driver info: io.appium.java_client.android.AndroidDriver
Command: [null, newSession {capabilities=[{browserName=CHROME, appium:chromedriverExecutable=./src/test/resources/drivers/chromedriver, appium:deviceName=Pixel, platformName=Android, appium:platformVersion=11, appium:udid=emulator-5554}], desiredCapabilities=Capabilities {browserName: CHROME, chromedriverExecutable: ./src/test/resources/driver..., deviceName: Pixel, platformName: Android, platformVersion: 11, udid: emulator-5554}}]
Capabilities {}
2022-10-23 14:51:17 INFO  CreateOrder:65 -Completed Execution of Test Class : com.testcases.MobileCreateOrder
2022-10-23 14:51:17 INFO  CreateOrder:66 -Completed Execution of Test case : Method : createOrder
2022-10-23 14:51:17 INFO  CreateOrder:70 -Test case Starting Time : [{createOrder=10/23/2022 02:51:13}]
2022-10-23 14:51:17 INFO  CreateOrder:71 -Test case Ending Time : [{createOrder=10/23/2022 02:51:17}]
2022-10-23 14:52:22 INFO  CreateOrder:40 -**************TEST CASE STARTS**************************
2022-10-23 14:52:26 ERROR CreateOrder:60 -Exception Message from TestCould not start a new session. Response code 500. Message: An unknown server-side error occurred while processing the command. Original error: Trying to use a chromedriver binary at the path ./src/test/resources/drivers/chromedriver, but it doesn't exist!
Build info: version: '4.1.4', revision: '535d840ee2'
System info: host: 'Pragadeeswarans-MacBook-Air.local', ip: 'fe80:0:0:0:1ca7:8d38:591b:1578%en0', os.name: 'Mac OS X', os.arch: 'aarch64', os.version: '12.6', java.version: '17.0.4.1'
Driver info: io.appium.java_client.android.AndroidDriver
Command: [null, newSession {capabilities=[{browserName=CHROME, appium:chromedriverExecutable=./src/test/resources/drivers/chromedriver, appium:deviceName=Pixel, platformName=Android, appium:platformVersion=11, appium:udid=emulator-5554}], desiredCapabilities=Capabilities {browserName: CHROME, chromedriverExecutable: ./src/test/resources/driver..., deviceName: Pixel, platformName: Android, platformVersion: 11, udid: emulator-5554}}]
Capabilities {}
2022-10-23 14:52:26 INFO  CreateOrder:65 -Completed Execution of Test Class : com.testcases.MobileCreateOrder
2022-10-23 14:52:26 INFO  CreateOrder:66 -Completed Execution of Test case : Method : createOrder
2022-10-23 14:52:26 INFO  CreateOrder:70 -Test case Starting Time : [{createOrder=10/23/2022 02:52:23}]
2022-10-23 14:52:26 INFO  CreateOrder:71 -Test case Ending Time : [{createOrder=10/23/2022 02:52:26}]
2022-10-23 14:53:14 INFO  CreateOrder:40 -**************TEST CASE STARTS**************************
2022-10-23 14:53:18 ERROR CreateOrder:60 -Exception Message from TestCould not start a new session. Response code 500. Message: An unknown server-side error occurred while processing the command. Original error: Trying to use a chromedriver binary at the path ./src/test/resources/drivers/chromedriver, but it doesn't exist!
Build info: version: '4.1.4', revision: '535d840ee2'
System info: host: 'Pragadeeswarans-MacBook-Air.local', ip: 'fe80:0:0:0:1ca7:8d38:591b:1578%en0', os.name: 'Mac OS X', os.arch: 'aarch64', os.version: '12.6', java.version: '17.0.4.1'
Driver info: io.appium.java_client.android.AndroidDriver
Command: [null, newSession {capabilities=[{browserName=CHROME, appium:chromedriverExecutable=./src/test/resources/drivers/chromedriver, appium:deviceName=Pixel, platformName=Android, appium:platformVersion=11, appium:udid=emulator-5554}], desiredCapabilities=Capabilities {browserName: CHROME, chromedriverExecutable: ./src/test/resources/driver..., deviceName: Pixel, platformName: Android, platformVersion: 11, udid: emulator-5554}}]
Capabilities {}
2022-10-23 14:53:18 INFO  CreateOrder:65 -Completed Execution of Test Class : com.testcases.MobileCreateOrder
2022-10-23 14:53:18 INFO  CreateOrder:66 -Completed Execution of Test case : Method : createOrder
2022-10-23 14:53:18 INFO  CreateOrder:70 -Test case Starting Time : [{createOrder=10/23/2022 02:53:14}]
2022-10-23 14:53:18 INFO  CreateOrder:71 -Test case Ending Time : [{createOrder=10/23/2022 02:53:18}]
2022-10-23 14:54:13 INFO  CreateOrder:40 -**************TEST CASE STARTS**************************
2022-10-23 14:54:17 ERROR CreateOrder:60 -Exception Message from TestCould not start a new session. Response code 500. Message: An unknown server-side error occurred while processing the command. Original error: No Chromedriver found that can automate Chrome '106.0.5249'. You could also try to enable automated chromedrivers download server feature. See https://github.com/appium/appium/blob/master/docs/en/writing-running-appium/web/chromedriver.md for more details
Build info: version: '4.1.4', revision: '535d840ee2'
System info: host: 'Pragadeeswarans-MacBook-Air.local', ip: 'fe80:0:0:0:1ca7:8d38:591b:1578%en0', os.name: 'Mac OS X', os.arch: 'aarch64', os.version: '12.6', java.version: '17.0.4.1'
Driver info: io.appium.java_client.android.AndroidDriver
Command: [null, newSession {capabilities=[{appium:ChromeDriverExecutable=/Users/praga/eclipse-workspace/sample/src/test/resources/chromedriver, browserName=CHROME, appium:deviceName=Pixel, platformName=Android, appium:platformVersion=11, appium:udid=emulator-5554}], desiredCapabilities=Capabilities {ChromeDriverExecutable: /Users/praga/eclipse-worksp..., browserName: CHROME, deviceName: Pixel, platformName: Android, platformVersion: 11, udid: emulator-5554}}]
Capabilities {}
2022-10-23 14:54:17 INFO  CreateOrder:65 -Completed Execution of Test Class : com.testcases.MobileCreateOrder
2022-10-23 14:54:17 INFO  CreateOrder:66 -Completed Execution of Test case : Method : createOrder
2022-10-23 14:54:17 INFO  CreateOrder:70 -Test case Starting Time : [{createOrder=10/23/2022 02:54:13}]
2022-10-23 14:54:17 INFO  CreateOrder:71 -Test case Ending Time : [{createOrder=10/23/2022 02:54:17}]
2022-10-23 14:54:34 INFO  CreateOrder:40 -**************TEST CASE STARTS**************************
2022-10-23 14:54:48 INFO  CreateOrder:65 -Completed Execution of Test Class : com.testcases.MobileCreateOrder
2022-10-23 14:54:48 INFO  CreateOrder:66 -Completed Execution of Test case : Method : createOrder
2022-10-23 14:54:48 INFO  CreateOrder:70 -Test case Starting Time : [{createOrder=10/23/2022 02:54:34}]
2022-10-23 14:54:48 INFO  CreateOrder:71 -Test case Ending Time : [{createOrder=10/23/2022 02:54:48}]
2022-10-23 14:55:48 INFO  CreateOrder:40 -**************TEST CASE STARTS**************************
2022-10-23 14:56:07 INFO  CreateOrder:65 -Completed Execution of Test Class : com.testcases.MobileCreateOrder
2022-10-23 14:56:07 INFO  CreateOrder:66 -Completed Execution of Test case : Method : createOrder
2022-10-23 14:56:07 INFO  CreateOrder:70 -Test case Starting Time : [{createOrder=10/23/2022 02:55:48}]
2022-10-23 14:56:07 INFO  CreateOrder:71 -Test case Ending Time : [{createOrder=10/23/2022 02:56:07}]
2022-10-23 15:01:34 INFO  CreateOrder:41 -**************TEST CASE STARTS**************************
2022-10-23 15:02:02 INFO  CreateOrder:70 -Completed Execution of Test Class : com.testcases.MobileCreateOrder
2022-10-23 15:02:02 INFO  CreateOrder:71 -Completed Execution of Test case : Method : createOrder
2022-10-23 15:02:02 INFO  CreateOrder:75 -Test case Starting Time : [{createOrder=10/23/2022 03:01:34}]
2022-10-23 15:02:02 INFO  CreateOrder:76 -Test case Ending Time : [{createOrder=10/23/2022 03:02:02}]
2022-10-23 15:11:50 INFO  CreateOrder:42 -**************TEST CASE STARTS**************************
2022-10-23 15:14:48 INFO  CreateOrder:42 -**************TEST CASE STARTS**************************
2022-10-23 15:15:22 INFO  CreateOrder:75 -Completed Execution of Test Class : com.testcases.MobileCreateOrder
2022-10-23 15:15:22 INFO  CreateOrder:76 -Completed Execution of Test case : Method : createOrder
2022-10-23 15:15:22 INFO  CreateOrder:80 -Test case Starting Time : [{createOrder=10/23/2022 03:14:48}]
2022-10-23 15:15:22 INFO  CreateOrder:81 -Test case Ending Time : [{createOrder=10/23/2022 03:15:22}]
2022-10-23 15:21:27 INFO  CreateOrder:42 -**************TEST CASE STARTS**************************
2022-10-23 15:22:55 ERROR CreateOrder:156 -Exception Message from Test
There was an issue with the WebElement to be located by the locator:
xpath~//i[@class='icon-th-list']
Clue:Either WebElemnt does not exist in App or locator information in OR.Java is incorrect. See below for more information
Expected condition failed: waiting for visibility of element located by By.xpath: //i[@class='icon-th-list'] (tried for 20 second(s) with 500 milliseconds interval)
Build info: version: '4.1.4', revision: '535d840ee2'
System info: host: 'Pragadeeswarans-MacBook-Air.local', ip: 'fe80:0:0:0:1ca7:8d38:591b:1578%en0', os.name: 'Mac OS X', os.arch: 'aarch64', os.version: '12.6', java.version: '17.0.4.1'
Driver info: io.appium.java_client.android.AndroidDriver
Capabilities {appium:appActivity: com.google.android.apps.chr..., appium:appPackage: com.android.chrome, appium:chromedriverExecutable: /Users/praga/eclipse-worksp..., appium:databaseEnabled: false, appium:desired: {browserName: CHROME, chromedriverExecutable: /Users/praga/eclipse-worksp..., deviceName: Pixel, platformName: android, platformVersion: 11, udid: emulator-5554}, appium:deviceApiLevel: 30, appium:deviceManufacturer: Google, appium:deviceModel: sdk_gphone_arm64, appium:deviceName: emulator-5554, appium:deviceScreenDensity: 440, appium:deviceScreenSize: 1080x2280, appium:deviceUDID: emulator-5554, appium:javascriptEnabled: true, appium:locationContextEnabled: false, appium:networkConnectionEnabled: true, appium:pixelRatio: 2.75, appium:platformVersion: 11, appium:statBarHeight: 66, appium:takesScreenshot: true, appium:udid: emulator-5554, appium:viewportRect: {height: 2082, left: 0, top: 66, width: 1080}, appium:warnings: {}, appium:webStorageEnabled: false, browserName: CHROME, platformName: android}
Session ID: 68c1d727-9165-4177-b006-3952677eb5b7
2022-10-23 15:22:55 INFO  CreateOrder:161 -Completed Execution of Test Class : com.testcases.MobileCreateOrder
2022-10-23 15:22:55 INFO  CreateOrder:162 -Completed Execution of Test case : Method : createOrder
2022-10-23 15:22:55 INFO  CreateOrder:166 -Test case Starting Time : [{createOrder=10/23/2022 03:21:27}]
2022-10-23 15:22:55 INFO  CreateOrder:167 -Test case Ending Time : [{createOrder=10/23/2022 03:22:55}]
2022-10-23 15:30:00 INFO  CreateOrder:42 -**************TEST CASE STARTS**************************
2022-10-23 15:31:33 ERROR CreateOrder:156 -Exception Message from Test
There was an issue with the WebElement to be located by the locator:
xpath~//i[@class='icon-th-list']
Clue:Either WebElemnt does not exist in App or locator information in OR.Java is incorrect. See below for more information
Expected condition failed: waiting for visibility of element located by By.xpath: //i[@class='icon-th-list'] (tried for 20 second(s) with 500 milliseconds interval)
Build info: version: '4.1.4', revision: '535d840ee2'
System info: host: 'Pragadeeswarans-MacBook-Air.local', ip: 'fe80:0:0:0:1ca7:8d38:591b:1578%en0', os.name: 'Mac OS X', os.arch: 'aarch64', os.version: '12.6', java.version: '17.0.4.1'
Driver info: io.appium.java_client.android.AndroidDriver
Capabilities {appium:appActivity: com.google.android.apps.chr..., appium:appPackage: com.android.chrome, appium:chromedriverExecutable: /Users/praga/eclipse-worksp..., appium:databaseEnabled: false, appium:desired: {browserName: CHROME, chromedriverExecutable: /Users/praga/eclipse-worksp..., deviceName: Pixel, platformName: android, platformVersion: 11, udid: emulator-5554}, appium:deviceApiLevel: 30, appium:deviceManufacturer: Google, appium:deviceModel: sdk_gphone_arm64, appium:deviceName: emulator-5554, appium:deviceScreenDensity: 440, appium:deviceScreenSize: 1080x2280, appium:deviceUDID: emulator-5554, appium:javascriptEnabled: true, appium:locationContextEnabled: false, appium:networkConnectionEnabled: true, appium:pixelRatio: 2.75, appium:platformVersion: 11, appium:statBarHeight: 66, appium:takesScreenshot: true, appium:udid: emulator-5554, appium:viewportRect: {height: 2082, left: 0, top: 66, width: 1080}, appium:warnings: {}, appium:webStorageEnabled: false, browserName: CHROME, platformName: android}
Session ID: 35310d9c-a065-4a62-9653-3cba319c8466
2022-10-23 15:31:33 INFO  CreateOrder:161 -Completed Execution of Test Class : com.testcases.MobileCreateOrder
2022-10-23 15:31:33 INFO  CreateOrder:162 -Completed Execution of Test case : Method : createOrder
2022-10-23 15:31:33 INFO  CreateOrder:166 -Test case Starting Time : [{createOrder=10/23/2022 03:30:00}]
2022-10-23 15:31:33 INFO  CreateOrder:167 -Test case Ending Time : [{createOrder=10/23/2022 03:31:33}]
2022-10-23 15:50:45 INFO  CreateOrder:42 -**************TEST CASE STARTS**************************
2022-10-23 15:53:05 INFO  CreateOrder:161 -Completed Execution of Test Class : com.testcases.MobileCreateOrder
2022-10-23 15:53:05 INFO  CreateOrder:162 -Completed Execution of Test case : Method : createOrder
2022-10-23 15:53:05 INFO  CreateOrder:166 -Test case Starting Time : [{createOrder=10/23/2022 03:50:45}]
2022-10-23 15:53:05 INFO  CreateOrder:167 -Test case Ending Time : [{createOrder=10/23/2022 03:53:05}]
2022-10-25 21:27:38 INFO  API:79 -Exception message from testCannot invoke "Object.toString()" because "type" is null
2022-10-25 21:27:38 INFO  API:84 -
Completed GET execution quitting
2022-10-25 21:27:38 INFO  CreateOrder:45 -**************TEST CASE STARTS**************************
2022-10-25 21:29:42 ERROR CreateOrder:158 -Exception Message from Test
There was an issue with the WebElement to be located by the locator:
xpath~//i[@class='icon-th-list']
Clue:Either WebElemnt does not exist in App or locator information in OR.Java is incorrect. See below for more information
Expected condition failed: waiting for visibility of element located by By.xpath: //i[@class='icon-th-list'] (tried for 20 second(s) with 500 milliseconds interval)
Build info: version: '4.1.4', revision: '535d840ee2'
System info: host: 'Pragadeeswarans-MacBook-Air.local', ip: 'fe80:0:0:0:1c5c:e7ea:4bff:345c%en0', os.name: 'Mac OS X', os.arch: 'aarch64', os.version: '12.6', java.version: '17.0.4.1'
Driver info: org.openqa.selenium.chrome.ChromeDriver
Capabilities {acceptInsecureCerts: false, browserName: chrome, browserVersion: 106.0.5249.119, chrome: {chromedriverVersion: 106.0.5249.61 (511755355844..., userDataDir: /var/folders/j8/71rq0p8n0z9...}, goog:chromeOptions: {debuggerAddress: localhost:50065}, javascriptEnabled: true, networkConnectionEnabled: false, pageLoadStrategy: normal, platform: MAC, platformName: MAC, proxy: Proxy(), se:cdp: ws://localhost:50065/devtoo..., se:cdpVersion: 106.0.5249.119, setWindowRect: true, strictFileInteractability: false, timeouts: {implicit: 0, pageLoad: 300000, script: 30000}, unhandledPromptBehavior: dismiss and notify, webauthn:extension:credBlob: true, webauthn:extension:largeBlob: true, webauthn:virtualAuthenticators: true}
Session ID: 42c04e1a6216caa819caa639adb4b86e
2022-10-25 21:29:42 INFO  CreateOrder:163 -Completed Execution of Test Class : com.testcases.CreateOrder
2022-10-25 21:29:42 INFO  CreateOrder:164 -Completed Execution of Test case : Method : webcreateOrder
2022-10-25 21:29:42 INFO  CreateOrder:168 -Test case Starting Time : [{webcreateOrder=10/25/2022 09:27:38}]
2022-10-25 21:29:42 INFO  CreateOrder:169 -Test case Ending Time : [{webcreateOrder=10/25/2022 09:29:42}]
2022-10-25 21:35:02 INFO  API:79 -Exception message from testCannot invoke "Object.toString()" because "type" is null
2022-10-25 21:35:02 INFO  API:84 -
Completed GET execution quitting
2022-10-25 21:35:02 INFO  CreateOrder:45 -**************TEST CASE STARTS**************************
2022-10-25 21:38:57 INFO  CreateOrder:163 -Completed Execution of Test Class : com.testcases.CreateOrder
2022-10-25 21:38:57 INFO  CreateOrder:164 -Completed Execution of Test case : Method : webcreateOrder
2022-10-25 21:38:57 INFO  CreateOrder:168 -Test case Starting Time : [{webcreateOrder=10/25/2022 09:35:02}]
2022-10-25 21:38:57 INFO  CreateOrder:169 -Test case Ending Time : [{webcreateOrder=10/25/2022 09:38:57}]
2022-10-25 21:38:57 INFO  CreateOrder:42 -**************TEST CASE STARTS**************************
2022-10-25 21:38:57 ERROR CreateOrder:156 -Exception Message from TestCould not start a new session. Possible causes are invalid address of the remote server or browser start-up failure.
2022-10-25 21:38:58 INFO  CreateOrder:161 -Completed Execution of Test Class : com.testcases.MobileCreateOrder
2022-10-25 21:38:58 INFO  CreateOrder:162 -Completed Execution of Test case : Method : mobilecreateOrder
2022-10-25 21:38:58 INFO  CreateOrder:166 -Test case Starting Time : [{webcreateOrder=10/25/2022 09:35:02, mobilecreateOrder=10/25/2022 09:38:57}]
2022-10-25 21:38:58 INFO  CreateOrder:167 -Test case Ending Time : [{webcreateOrder=10/25/2022 09:38:57, mobilecreateOrder=10/25/2022 09:38:58}]
2022-10-25 21:55:26 INFO  API:79 -Exception message from testCannot invoke "Object.toString()" because "type" is null
2022-10-25 21:55:26 INFO  API:84 -
Completed GET execution quitting
2022-10-25 21:55:26 INFO  CreateOrder:45 -**************TEST CASE STARTS**************************
2022-10-25 21:58:16 INFO  CreateOrder:163 -Completed Execution of Test Class : com.testcases.CreateOrder
2022-10-25 21:58:16 INFO  CreateOrder:164 -Completed Execution of Test case : Method : webcreateOrder
2022-10-25 21:58:16 INFO  CreateOrder:168 -Test case Starting Time : [{webcreateOrder=10/25/2022 09:55:26}]
2022-10-25 21:58:16 INFO  CreateOrder:169 -Test case Ending Time : [{webcreateOrder=10/25/2022 09:58:16}]
2022-10-25 21:58:16 INFO  CreateOrder:42 -**************TEST CASE STARTS**************************
2022-10-25 22:01:06 ERROR CreateOrder:156 -Exception Message from Test
There was an issue with the WebElement to be located by the locator:
xpath~//span[@id='total_price']
Clue:Either WebElemnt does not exist in App or locator information in OR.Java is incorrect. See below for more information
Expected condition failed: waiting for visibility of element located by By.xpath: //span[@id='total_price'] (tried for 20 second(s) with 500 milliseconds interval)
Build info: version: '4.1.4', revision: '535d840ee2'
System info: host: 'Pragadeeswarans-MacBook-Air.local', ip: 'fe80:0:0:0:1c5c:e7ea:4bff:345c%en0', os.name: 'Mac OS X', os.arch: 'aarch64', os.version: '12.6', java.version: '17.0.4.1'
Driver info: io.appium.java_client.android.AndroidDriver
Capabilities {appium:appActivity: com.google.android.apps.chr..., appium:appPackage: com.android.chrome, appium:chromedriverExecutable: /Users/praga/eclipse-worksp..., appium:databaseEnabled: false, appium:desired: {browserName: CHROME, chromedriverExecutable: /Users/praga/eclipse-worksp..., deviceName: Pixel, platformName: android, platformVersion: 11, udid: emulator-5554}, appium:deviceApiLevel: 30, appium:deviceManufacturer: Google, appium:deviceModel: sdk_gphone_arm64, appium:deviceName: emulator-5554, appium:deviceScreenDensity: 440, appium:deviceScreenSize: 1080x2280, appium:deviceUDID: emulator-5554, appium:javascriptEnabled: true, appium:locationContextEnabled: false, appium:networkConnectionEnabled: true, appium:pixelRatio: 2.75, appium:platformVersion: 11, appium:statBarHeight: 66, appium:takesScreenshot: true, appium:udid: emulator-5554, appium:viewportRect: {height: 2082, left: 0, top: 66, width: 1080}, appium:warnings: {}, appium:webStorageEnabled: false, browserName: CHROME, platformName: android}
Session ID: ffd68a22-2e78-4a6b-8e32-b0932819d5d2
2022-10-25 22:01:06 INFO  CreateOrder:161 -Completed Execution of Test Class : com.testcases.MobileCreateOrder
2022-10-25 22:01:06 INFO  CreateOrder:162 -Completed Execution of Test case : Method : mobilecreateOrder
2022-10-25 22:01:06 INFO  CreateOrder:166 -Test case Starting Time : [{webcreateOrder=10/25/2022 09:55:26, mobilecreateOrder=10/25/2022 09:58:16}]
2022-10-25 22:01:06 INFO  CreateOrder:167 -Test case Ending Time : [{webcreateOrder=10/25/2022 09:58:16, mobilecreateOrder=10/25/2022 10:01:06}]
2022-10-25 23:08:59 INFO  API:79 -Exception message from testCannot invoke "Object.toString()" because "type" is null
2022-10-25 23:08:59 INFO  API:84 -
Completed GET execution quitting
2022-10-25 23:08:59 INFO  CreateOrder:46 -**************TEST CASE STARTS**************************
2022-10-25 23:11:43 INFO  CreateOrder:165 -Completed Execution of Test Class : com.testcases.CreateOrder
2022-10-25 23:11:43 INFO  CreateOrder:166 -Completed Execution of Test case : Method : webcreateOrder
2022-10-25 23:11:43 INFO  CreateOrder:170 -Test case Starting Time : [{webcreateOrder=10/25/2022 11:08:59}]
2022-10-25 23:11:43 INFO  CreateOrder:171 -Test case Ending Time : [{webcreateOrder=10/25/2022 11:11:43}]
2022-10-25 23:11:43 INFO  CreateOrder:42 -**************TEST CASE STARTS**************************
2022-10-25 23:14:28 ERROR CreateOrder:156 -Exception Message from Test
There was an issue with the WebElement to be located by the locator:
xpath~//div[contains(@class,'box')]
Clue:Either WebElemnt does not exist in App or locator information in OR.Java is incorrect. See below for more information
Expected condition failed: waiting for visibility of element located by By.xpath: //div[contains(@class,'box')] (tried for 20 second(s) with 500 milliseconds interval)
Build info: version: '4.1.4', revision: '535d840ee2'
System info: host: 'Pragadeeswarans-MacBook-Air.local', ip: 'fe80:0:0:0:1c5c:e7ea:4bff:345c%en0', os.name: 'Mac OS X', os.arch: 'aarch64', os.version: '12.6', java.version: '17.0.4.1'
Driver info: io.appium.java_client.android.AndroidDriver
Capabilities {appium:appActivity: com.google.android.apps.chr..., appium:appPackage: com.android.chrome, appium:chromedriverExecutable: /Users/praga/eclipse-worksp..., appium:databaseEnabled: false, appium:desired: {browserName: CHROME, chromedriverExecutable: /Users/praga/eclipse-worksp..., deviceName: Pixel, platformName: android, platformVersion: 11, udid: emulator-5554}, appium:deviceApiLevel: 30, appium:deviceManufacturer: Google, appium:deviceModel: sdk_gphone_arm64, appium:deviceName: emulator-5554, appium:deviceScreenDensity: 440, appium:deviceScreenSize: 1080x2280, appium:deviceUDID: emulator-5554, appium:javascriptEnabled: true, appium:locationContextEnabled: false, appium:networkConnectionEnabled: true, appium:pixelRatio: 2.75, appium:platformVersion: 11, appium:statBarHeight: 66, appium:takesScreenshot: true, appium:udid: emulator-5554, appium:viewportRect: {height: 2082, left: 0, top: 66, width: 1080}, appium:warnings: {}, appium:webStorageEnabled: false, browserName: CHROME, platformName: android}
Session ID: c50b4d8d-f03b-472e-9279-9ccf420b812e
2022-10-25 23:14:28 INFO  CreateOrder:161 -Completed Execution of Test Class : com.testcases.MobileCreateOrder
2022-10-25 23:14:28 INFO  CreateOrder:162 -Completed Execution of Test case : Method : mobilecreateOrder
2022-10-25 23:14:28 INFO  CreateOrder:166 -Test case Starting Time : [{webcreateOrder=10/25/2022 11:08:59, mobilecreateOrder=10/25/2022 11:11:43}]
2022-10-25 23:14:28 INFO  CreateOrder:167 -Test case Ending Time : [{webcreateOrder=10/25/2022 11:11:43, mobilecreateOrder=10/25/2022 11:14:28}]
2022-10-25 23:19:20 INFO  API:79 -Exception message from testCannot invoke "Object.toString()" because "type" is null
2022-10-25 23:19:20 INFO  API:84 -
Completed GET execution quitting
2022-10-25 23:19:20 INFO  CreateOrder:46 -**************TEST CASE STARTS**************************
2022-10-26 23:34:10 INFO  A11YTest:33 -**************TEST CASE STARTS**************************
2022-10-26 23:37:12 INFO  A11YTest:33 -**************TEST CASE STARTS**************************
2022-10-26 23:38:57 INFO  A11YTest:33 -**************TEST CASE STARTS**************************
2022-10-26 23:39:48 INFO  A11YTest:33 -**************TEST CASE STARTS**************************
2022-10-26 23:40:41 INFO  A11YTest:33 -**************TEST CASE STARTS**************************
2022-10-26 23:43:09 INFO  A11YTest:33 -**************TEST CASE STARTS**************************
2022-10-27 09:48:10 INFO  A11YTest:33 -**************TEST CASE STARTS**************************
2022-10-27 11:02:29 INFO  A11YTest:33 -**************TEST CASE STARTS**************************
2022-10-27 11:11:07 INFO  A11YTest:33 -**************TEST CASE STARTS**************************
2022-10-27 11:14:09 INFO  A11YTest:33 -**************TEST CASE STARTS**************************
2022-10-27 12:19:42 INFO  A11YTest:33 -**************TEST CASE STARTS**************************
2022-10-27 13:04:15 INFO  A11YTest:34 -**************TEST CASE STARTS**************************
2022-10-27 14:38:56 INFO  A11YTest:34 -**************TEST CASE STARTS**************************
2022-10-27 14:41:43 INFO  API:79 -Exception message from testCannot invoke "Object.toString()" because "type" is null
2022-10-27 14:41:43 INFO  API:84 -
Completed GET execution quitting
2022-10-27 14:42:25 INFO  API:79 -Exception message from testCannot invoke "Object.toString()" because "type" is null
2022-10-27 14:42:25 INFO  API:84 -
Completed GET execution quitting
